SF:lib/repository/model/nasa_picture.dart
DA:10,8
DA:18,2
DA:19,2
DA:20,2
DA:21,2
DA:22,2
DA:23,2
DA:24,2
DA:28,1
DA:29,1
DA:30,1
DA:31,1
DA:32,1
DA:33,1
DA:34,1
LF:15
LH:15
end_of_record
SF:lib/repository/local/filter/picture_local_filter.dart
DA:8,1
DA:9,1
DA:10,1
DA:13,0
DA:15,0
DA:16,0
LF:6
LH:3
end_of_record
SF:lib/usecase/filtering/get_pictures_filtering_in.dart
DA:6,1
LF:1
LH:1
end_of_record
SF:lib/usecase/filtering/get_pictures_filtering_success.dart
DA:7,1
LF:1
LH:1
end_of_record
SF:lib/usecase/filtering/get_pictures_filtering_use_case.dart
DA:14,1
DA:16,1
DA:17,1
DA:20,1
DA:22,2
DA:23,1
DA:24,1
DA:25,1
DA:29,1
DA:30,1
DA:33,1
LF:11
LH:11
end_of_record
SF:lib/bloc/filter/event/pictures_filter_find_event.dart
DA:8,0
LF:1
LH:0
end_of_record
SF:lib/bloc/filter/picture_filter_bloc.dart
DA:16,3
DA:18,6
DA:19,3
DA:20,0
DA:21,0
DA:22,0
DA:23,0
DA:27,0
DA:28,0
DA:29,0
DA:30,0
DA:31,0
LF:12
LH:3
end_of_record
SF:lib/bloc/filter/state/picture_filter_success_state.dart
DA:8,1
LF:1
LH:1
end_of_record
SF:lib/bloc/picture/event/picture_find_event.dart
DA:7,1
LF:1
LH:1
end_of_record
SF:lib/bloc/picture/picture_bloc.dart
DA:16,3
DA:18,2
DA:19,2
DA:21,1
DA:22,1
DA:23,0
DA:24,1
DA:25,0
LF:8
LH:6
end_of_record
SF:lib/bloc/picture/state/picture_success_state.dart
DA:8,1
LF:1
LH:1
end_of_record
SF:lib/usecase/detail/get_detail_picture_success.dart
DA:7,1
LF:1
LH:1
end_of_record
SF:lib/usecase/detail/get_detail_picture_use_case.dart
DA:12,2
DA:13,1
DA:16,1
DA:18,2
DA:21,1
DA:24,1
LF:6
LH:6
end_of_record
SF:lib/common/ui/circle_close_button.dart
DA:7,10
DA:9,1
DA:11,1
DA:12,1
DA:13,1
DA:17,1
DA:18,1
DA:19,1
DA:25,1
DA:26,0
LF:10
LH:9
end_of_record
SF:lib/common/ui/default_horizontal_padding.dart
DA:5,13
DA:6,3
LF:2
LH:2
end_of_record
SF:lib/common/ui/loading_widget.dart
DA:7,27
DA:9,3
DA:11,3
LF:3
LH:3
end_of_record
SF:lib/common/ui/nasa_error_widget.dart
DA:8,27
DA:10,3
DA:12,3
DA:13,3
DA:14,3
DA:15,3
DA:16,9
LF:7
LH:7
end_of_record
SF:lib/feature/detail/nasa_details_widget.dart
DA:20,1
DA:22,1
DA:23,1
DA:28,6
DA:30,1
DA:32,6
DA:33,1
DA:34,1
DA:37,1
DA:38,2
DA:39,1
DA:43,1
DA:45,1
DA:47,1
DA:48,1
DA:49,1
DA:50,1
DA:51,1
DA:52,3
DA:55,1
DA:56,1
DA:57,1
DA:58,1
DA:60,1
DA:62,1
DA:63,1
DA:64,1
DA:72,1
DA:73,1
DA:89,1
DA:90,1
DA:91,2
DA:92,1
DA:93,1
DA:94,1
DA:96,1
DA:101,0
DA:110,1
DA:111,1
DA:112,1
DA:113,1
DA:114,1
DA:115,1
DA:117,1
DA:118,1
DA:119,1
DA:120,4
DA:124,1
DA:125,1
DA:126,1
DA:127,4
DA:133,1
DA:134,1
DA:135,1
DA:137,4
LF:55
LH:54
end_of_record
SF:lib/feature/pictures/exhibition_pictures_widget.dart
DA:20,2
DA:22,2
DA:24,2
DA:25,2
DA:29,2
DA:30,0
DA:31,0
DA:32,0
DA:42,2
DA:43,2
DA:44,2
DA:45,2
DA:46,6
DA:49,2
DA:50,2
DA:51,2
DA:52,6
DA:53,1
DA:57,2
DA:58,1
DA:62,0
DA:71,2
DA:72,2
DA:73,2
DA:74,2
DA:75,2
DA:76,2
DA:80,2
DA:81,2
DA:82,4
DA:84,2
DA:85,2
DA:86,2
DA:89,2
DA:90,0
DA:91,0
DA:93,2
DA:94,6
DA:95,2
DA:96,4
DA:97,2
DA:98,0
DA:102,2
DA:103,2
DA:105,2
DA:106,6
DA:108,2
DA:109,2
DA:110,2
LF:49
LH:42
end_of_record
SF:lib/route/navigate.dart
DA:12,0
DA:13,0
DA:15,0
DA:16,0
DA:17,0
DA:18,0
DA:22,0
LF:7
LH:0
end_of_record
SF:lib/bloc/pictures/pictures_bloc.dart
DA:15,3
DA:17,6
DA:18,4
DA:19,2
DA:21,1
DA:23,1
DA:24,1
DA:25,0
DA:26,1
DA:27,0
LF:10
LH:8
end_of_record
SF:lib/bloc/pictures/state/pictures_success_state.dart
DA:8,1
LF:1
LH:1
end_of_record
SF:lib/usecase/pictures/get_pictures_success.dart
DA:7,1
LF:1
LH:1
end_of_record
SF:lib/usecase/pictures/get_pictures_use_case.dart
DA:14,1
DA:17,1
DA:18,1
DA:19,1
DA:22,1
DA:24,2
DA:27,1
DA:31,2
DA:32,2
DA:33,1
DA:35,1
LF:11
LH:11
end_of_record
SF:lib/common/app_bar_widget.dart
DA:8,1
DA:10,1
DA:12,1
DA:16,1
DA:17,1
DA:21,1
LF:6
LH:6
end_of_record
SF:lib/feature/pictures/nasa_pictures_widget.dart
DA:17,1
DA:19,1
DA:20,1
DA:25,1
DA:27,1
DA:28,4
DA:31,1
DA:33,1
DA:34,1
DA:35,1
DA:37,3
DA:40,1
DA:41,1
DA:42,1
DA:43,3
DA:46,1
DA:47,1
DA:49,1
DA:50,1
DA:51,1
DA:52,2
DA:53,1
LF:22
LH:22
end_of_record
SF:lib/repository/local/local_repository_impl.dart
DA:10,1
DA:11,1
DA:14,1
DA:16,2
DA:17,1
DA:20,5
DA:21,0
DA:27,1
DA:29,4
DA:32,1
DA:38,1
DA:40,2
DA:41,5
DA:42,1
LF:14
LH:13
end_of_record
SF:lib/repository/remote/remote_repository_impl.dart
DA:12,1
DA:13,1
DA:16,1
DA:23,3
DA:25,1
DA:28,2
DA:29,2
DA:32,3
DA:33,1
DA:37,1
LF:10
LH:10
end_of_record
